#
# A fatal error has been detected by the Java Runtime Environment:
#
#  SIGSEGV (0xb) at pc=0x00000001038adde8, pid=2786, tid=15619
#
# JRE version: Java(TM) SE Runtime Environment (7.0_45-b18) (build 1.7.0_45-b18)
# Java VM: Java HotSpot(TM) 64-Bit Server VM (24.45-b08 mixed mode bsd-amd64 compressed oops)
# Problematic frame:
# V  [libjvm.dylib+0x2adde8]
#
# Failed to write core dump. Core dumps have been disabled. To enable core dumping, try "ulimit -c unlimited" before starting Java again
#
# If you would like to submit a bug report, please visit:
#   http://bugreport.sun.com/bugreport/crash.jsp
#

---------------  T H R E A D  ---------------

Current thread (0x00007fc72304c000):  JavaThread "JDWP Transport Listener: dt_socket" daemon [_thread_in_vm, id=15619, stack(0x000000010c42f000,0x000000010c52f000)]

siginfo:si_signo=SIGSEGV: si_errno=0, si_code=1 (SEGV_MAPERR), si_addr=0x000000000000000c

Registers:
RAX=0x0000000000000000, RBX=0x00000007eb117708, RCX=0x000000000000000c, RDX=0x0000000000000000
RSP=0x000000010c52ea10, RBP=0x000000010c52ea10, RSI=0x00007fc722c351b8, RDI=0x00000007eb117708
R8 =0x0000000000000000, R9 =0x00000000ffffffff, R10=0x0000000000000020, R11=0x000000010c52ea70
R12=0x00007fc72304c000, R13=0x00007fc722d3e840, R14=0x0000000000000000, R15=0x0000000000000000
RIP=0x00000001038adde8, EFLAGS=0x0000000000010202, ERR=0x0000000000000004
  TRAPNO=0x000000000000000e

Top of Stack: (sp=0x000000010c52ea10)
0x000000010c52ea10:   000000010c52ea40 00000001038dd59a
0x000000010c52ea20:   0000000000000000 0000000000000000
0x000000010c52ea30:   00000007eb117708 00007fc72304c1e8
0x000000010c52ea40:   000000010c52eab0 0000000103904e48
0x000000010c52ea50:   00007fc72304c000 00007fc72304c000
0x000000010c52ea60:   0000000000000000 0000000000000000
0x000000010c52ea70:   00007fc72304c1e8 00007fc72304c000
0x000000010c52ea80:   00007fc72304c000 000000010c52eb08
0x000000010c52ea90:   00007fc722c351b8 00007fc722d3e840
0x000000010c52eaa0:   000000010c52ec90 00007fc72304c1e8
0x000000010c52eab0:   000000010c52eae0 000000010318252e
0x000000010c52eac0:   000000010c52ec90 00000001031a2dc0
0x000000010c52ead0:   000000010c52eb08 00000001031ae578
0x000000010c52eae0:   000000010c52ed00 00000001031896b2
0x000000010c52eaf0:   0000994a00000013 0000000000010a00
0x000000010c52eb00:   00007fc722d3c700 000000010c52eb58
0x000000010c52eb10:   00007fc70000012c 000000010c52eb20
0x000000010c52eb20:   00007fc700000000 000000010c52eb58
0x000000010c52eb30:   0000000000000000 0000000000000000
0x000000010c52eb40:   0000994a00000018 0000000000000080
0x000000010c52eb50:   000000010c52eb58 0000005b01000000
0x000000010c52eb60:   1300001700000000 0000000004000000
0x000000010c52eb70:   a700000000000000 0400000000000000
0x000000010c52eb80:   00000000090c0000 a800000009000000
0x000000010c52eb90:   1300000000000000 00001400a9000000
0x000000010c52eba0:   0001020053320000 000e000000000000
0x000000010c52ebb0:   00a83dc222c77f00 0021000000000000
0x000000010c52ebc0:   0103005332000000 0e00000000000000
0x000000010c52ebd0:   a03dc222c77f0000 1e00000000000000
0x000000010c52ebe0:   0000003e74696e69 56294949435b2807
0x000000010c52ebf0:   0100000000000000 1814c422c77f0000
0x000000010c52ec00:   696e693c06000000 5b28070000003e74 

Instructions: (pc=0x00000001038adde8)
0x00000001038addc8:   eb 16 48 8d 35 ef 27 4c 00 8a 4e 08 48 d3 e2 48
0x00000001038addd8:   03 16 eb 04 48 8b 14 0f 84 c0 0f 94 c0 0f b6 c0
0x00000001038adde8:   8b 44 82 0c 5d c3 8b 04 07 5d c3 90 55 48 89 e5
0x00000001038addf8:   f6 87 8d 00 00 00 02 75 04 31 ff eb 23 48 63 87 

Register to memory mapping:

RAX=0x0000000000000000 is an unknown value
RBX=0x00000007eb117708 is an oop
java.lang.String 
 - klass: 'java/lang/String'
RCX=0x000000000000000c is an unknown value
RDX=0x0000000000000000 is an unknown value
RSP=0x000000010c52ea10 is pointing into the stack for thread: 0x00007fc72304c000
RBP=0x000000010c52ea10 is pointing into the stack for thread: 0x00007fc72304c000
RSI=0x00007fc722c351b8 is a global jni handle
RDI=0x00000007eb117708 is an oop
java.lang.String 
 - klass: 'java/lang/String'
R8 =0x0000000000000000 is an unknown value
R9 =0x00000000ffffffff is an unknown value
R10=0x0000000000000020 is an unknown value
R11=0x000000010c52ea70 is pointing into the stack for thread: 0x00007fc72304c000
R12=0x00007fc72304c000 is a thread
R13=0x00007fc722d3e840 is an unknown value
R14=0x0000000000000000 is an unknown value
R15=0x0000000000000000 is an unknown value


Stack: [0x000000010c42f000,0x000000010c52f000],  sp=0x000000010c52ea10,  free space=1022k
Native frames: (J=compiled Java code, j=interpreted, Vv=VM code, C=native code)
V  [libjvm.dylib+0x2adde8]
V  [libjvm.dylib+0x2dd59a]
V  [libjvm.dylib+0x304e48]
C  [libjdwp.dylib+0x752e]  value+0x96
C  [libjdwp.dylib+0xe6b2]  debugLoop_run+0x1ce
C  [libjdwp.dylib+0x1f132]  attachThread+0x4d
V  [libjvm.dylib+0x37417e]
V  [libjvm.dylib+0x4efb47]
V  [libjvm.dylib+0x4f124f]
V  [libjvm.dylib+0x41b1c6]
C  [libsystem_pthread.dylib+0x32fc]  _pthread_body+0x83
C  [libsystem_pthread.dylib+0x3279]  _pthread_body+0x0
C  [libsystem_pthread.dylib+0x14b1]  thread_start+0xd


---------------  P R O C E S S  ---------------

Java Threads: ( => current thread )
  0x00007fc72304d800 JavaThread "Service Thread" daemon [_thread_blocked, id=18179, stack(0x000000010c93e000,0x000000010ca3e000)]
  0x00007fc723856000 JavaThread "C2 CompilerThread1" daemon [_thread_blocked, id=17667, stack(0x000000010c83b000,0x000000010c93b000)]
  0x00007fc723856800 JavaThread "C2 CompilerThread0" daemon [_thread_blocked, id=17155, stack(0x000000010c738000,0x000000010c838000)]
  0x00007fc72304d000 JavaThread "JDWP Command Reader" daemon [_thread_in_native, id=16643, stack(0x000000010c635000,0x000000010c735000)]
  0x00007fc72384b800 JavaThread "JDWP Event Helper Thread" daemon [_thread_blocked, id=16131, stack(0x000000010c532000,0x000000010c632000)]
=>0x00007fc72304c000 JavaThread "JDWP Transport Listener: dt_socket" daemon [_thread_in_vm, id=15619, stack(0x000000010c42f000,0x000000010c52f000)]
  0x00007fc72383d000 JavaThread "Signal Dispatcher" daemon [_thread_blocked, id=15375, stack(0x000000010c32c000,0x000000010c42c000)]
  0x00007fc723833800 JavaThread "Finalizer" daemon [_thread_blocked, id=10499, stack(0x000000010a9e4000,0x000000010aae4000)]
  0x00007fc72302e800 JavaThread "Reference Handler" daemon [_thread_blocked, id=9987, stack(0x000000010a8e1000,0x000000010a9e1000)]
  0x00007fc723801000 JavaThread "main" [_thread_blocked, id=4867, stack(0x000000010303b000,0x000000010313b000)]

Other Threads:
  0x00007fc72302e000 VMThread [stack: 0x000000010a7de000,0x000000010a8de000] [id=9475]
  0x00007fc72383c800 WatcherThread [stack: 0x000000010ca41000,0x000000010cb41000] [id=18691]

VM state:not at safepoint (normal execution)

VM Mutex/Monitor currently owned by a thread: None

Heap
 PSYoungGen      total 19456K, used 6759K [0x00000007eaa80000, 0x00000007ec000000, 0x0000000800000000)
  eden space 16896K, 40% used [0x00000007eaa80000,0x00000007eb119cf0,0x00000007ebb00000)
  from space 2560K, 0% used [0x00000007ebd80000,0x00000007ebd80000,0x00000007ec000000)
  to   space 2560K, 0% used [0x00000007ebb00000,0x00000007ebb00000,0x00000007ebd80000)
 ParOldGen       total 43520K, used 0K [0x00000007c0000000, 0x00000007c2a80000, 0x00000007eaa80000)
  object space 43520K, 0% used [0x00000007c0000000,0x00000007c0000000,0x00000007c2a80000)
 PSPermGen       total 21504K, used 2668K [0x00000007bae00000, 0x00000007bc300000, 0x00000007c0000000)
  object space 21504K, 12% used [0x00000007bae00000,0x00000007bb09b278,0x00000007bc300000)

Card table byte_map: [0x0000000107113000,0x000000010733d000] byte_map_base: 0x000000010333c000

Polling page: 0x000000010317a000

Code Cache  [0x0000000104053000, 0x00000001042c3000, 0x0000000107053000)
 total_blobs=223 nmethods=50 adapters=136 free_code_cache=48637Kb largest_free_block=49781120

Compilation events (10 events):
Event: 30.547 Thread 0x00007fc723856800   46             java.io.BufferedWriter::newLine (9 bytes)
Event: 30.548 Thread 0x00007fc723856800 nmethod 46 0x00000001040d13d0 code [0x00000001040d1520, 0x00000001040d1648]
Event: 31.364 Thread 0x00007fc723856800   47   !         java.io.PrintStream::write (83 bytes)
Event: 31.374 Thread 0x00007fc723856800 nmethod 47 0x00000001040d2150 code [0x00000001040d2300, 0x00000001040d2a28]
Event: 31.375 Thread 0x00007fc723856800   48   !         java.io.PrintStream::newLine (73 bytes)
Event: 31.377 Thread 0x00007fc723856000   49   !         java.io.PrintStream::println (26 bytes)
Event: 31.381 Thread 0x00007fc723856800 nmethod 48 0x00000001040d0690 code [0x00000001040d0840, 0x00000001040d0e50]
Event: 31.381 Thread 0x00007fc723856800   50             java.io.PrintStream::print (9 bytes)
Event: 31.392 Thread 0x00007fc723856000 nmethod 49 0x00000001040d5f50 code [0x00000001040d6140, 0x00000001040d6b40]
Event: 31.398 Thread 0x00007fc723856800 nmethod 50 0x00000001040d5750 code [0x00000001040d58c0, 0x00000001040d5c68]

GC Heap History (0 events):
No events

Deoptimization events (1 events):
Event: 5.791 Thread 0x00007fc723801000 Uncommon trap: reason=range_check action=make_not_entrant pc=0x00000001040bb8a4 method=java.util.DualPivotQuicksort.sort([CIIZ)V @ 36

Internal exceptions (10 events):
Event: 0.518 Thread 0x00007fc723801000 Threw 0x00000007eab66868 at /HUDSON/workspace/7u-2-build-macosx-x86_64/jdk7u45/229/hotspot/src/share/vm/prims/jvm.cpp:1244
Event: 0.522 Thread 0x00007fc723801000 Threw 0x00000007eab67508 at /HUDSON/workspace/7u-2-build-macosx-x86_64/jdk7u45/229/hotspot/src/share/vm/prims/jni.cpp:717
Event: 0.522 Thread 0x00007fc723801000 Threw 0x00000007eab67628 at /HUDSON/workspace/7u-2-build-macosx-x86_64/jdk7u45/229/hotspot/src/share/vm/prims/jvm.cpp:1244
Event: 0.522 Thread 0x00007fc723801000 Threw 0x00000007eab67750 at /HUDSON/workspace/7u-2-build-macosx-x86_64/jdk7u45/229/hotspot/src/share/vm/prims/jvm.cpp:1244
Event: 0.542 Thread 0x00007fc723801000 Threw 0x00000007eab78f38 at /HUDSON/workspace/7u-2-build-macosx-x86_64/jdk7u45/229/hotspot/src/share/vm/prims/jni.cpp:717
Event: 0.542 Thread 0x00007fc723801000 Threw 0x00000007eab79058 at /HUDSON/workspace/7u-2-build-macosx-x86_64/jdk7u45/229/hotspot/src/share/vm/prims/jvm.cpp:1244
Event: 0.542 Thread 0x00007fc723801000 Threw 0x00000007eab79180 at /HUDSON/workspace/7u-2-build-macosx-x86_64/jdk7u45/229/hotspot/src/share/vm/prims/jvm.cpp:1244
Event: 0.542 Thread 0x00007fc723801000 Threw 0x00000007eab793d0 at /HUDSON/workspace/7u-2-build-macosx-x86_64/jdk7u45/229/hotspot/src/share/vm/prims/jvm.cpp:1244
Event: 0.551 Thread 0x00007fc723801000 Threw 0x00000007eab7ea08 at /HUDSON/workspace/7u-2-build-macosx-x86_64/jdk7u45/229/hotspot/src/share/vm/prims/jvm.cpp:1244
Event: 0.820 Thread 0x00007fc723801000 Threw 0x00000007eab81918 at /HUDSON/workspace/7u-2-build-macosx-x86_64/jdk7u45/229/hotspot/src/share/vm/prims/jvm.cpp:1244

Events (10 events):
Event: 89.405 Executing VM operation: GetCurrentLocation
Event: 89.405 Executing VM operation: GetCurrentLocation done
Event: 89.405 Executing VM operation: ChangeSingleStep
Event: 89.405 Executing VM operation: ChangeSingleStep done
Event: 89.407 Executing VM operation: ChangeSingleStep
Event: 89.407 Executing VM operation: ChangeSingleStep done
Event: 89.623 Executing VM operation: GetOrSetLocal
Event: 89.623 Executing VM operation: GetOrSetLocal done
Event: 91.633 Executing VM operation: GetOrSetLocal
Event: 91.633 Executing VM operation: GetOrSetLocal done


Dynamic libraries:
0x00000000063a7000 	/System/Library/Frameworks/Cocoa.framework/Versions/A/Cocoa
0x00000000063a7000 	/System/Library/Frameworks/Security.framework/Versions/A/Security
0x00000000063a7000 	/System/Library/Frameworks/ApplicationServices.framework/Versions/A/ApplicationServices
0x00000000063a7000 	/usr/lib/libz.1.dylib
0x00000000063a7000 	/usr/lib/libSystem.B.dylib
0x00000000063a7000 	/usr/lib/libobjc.A.dylib
0x00000000063a7000 	/System/Library/Frameworks/CoreFoundation.framework/Versions/A/CoreFoundation
0x00000000063a7000 	/System/Library/Frameworks/Foundation.framework/Versions/C/Foundation
0x00000000063a7000 	/System/Library/Frameworks/AppKit.framework/Versions/C/AppKit
0x00000000063a7000 	/System/Library/Frameworks/CoreData.framework/Versions/A/CoreData
0x00000000063a7000 	/System/Library/PrivateFrameworks/RemoteViewServices.framework/Versions/A/RemoteViewServices
0x00000000063a7000 	/System/Library/PrivateFrameworks/UIFoundation.framework/Versions/A/UIFoundation
0x00000000063a7000 	/System/Library/Frameworks/IOSurface.framework/Versions/A/IOSurface
0x00000000063a7000 	/System/Library/Frameworks/AudioToolbox.framework/Versions/A/AudioToolbox
0x00000000063a7000 	/System/Library/Frameworks/AudioUnit.framework/Versions/A/AudioUnit
0x00000000063a7000 	/System/Library/PrivateFrameworks/DataDetectorsCore.framework/Versions/A/DataDetectorsCore
0x00000000063a7000 	/System/Library/PrivateFrameworks/DesktopServicesPriv.framework/Versions/A/DesktopServicesPriv
0x00000000063a7000 	/System/Library/Frameworks/Carbon.framework/Versions/A/Frameworks/HIToolbox.framework/Versions/A/HIToolbox
0x00000000063a7000 	/System/Library/Frameworks/QuartzCore.framework/Versions/A/QuartzCore
0x00000000063a7000 	/System/Library/Frameworks/Carbon.framework/Versions/A/Frameworks/SpeechRecognition.framework/Versions/A/SpeechRecognition
0x00000000063a7000 	/usr/lib/libauto.dylib
0x00000000063a7000 	/usr/lib/libicucore.A.dylib
0x00000000063a7000 	/usr/lib/libxml2.2.dylib
0x00000000063a7000 	/System/Library/PrivateFrameworks/CoreUI.framework/Versions/A/CoreUI
0x00000000063a7000 	/System/Library/Frameworks/CoreAudio.framework/Versions/A/CoreAudio
0x00000000063a7000 	/System/Library/Frameworks/DiskArbitration.framework/Versions/A/DiskArbitration
0x00000000063a7000 	/usr/lib/liblangid.dylib
0x00000000063a7000 	/System/Library/PrivateFrameworks/MultitouchSupport.framework/Versions/A/MultitouchSupport
0x00000000063a7000 	/System/Library/Frameworks/IOKit.framework/Versions/A/IOKit
0x00000000063a7000 	/usr/lib/libDiagnosticMessagesClient.dylib
0x00000000063a7000 	/System/Library/Frameworks/CoreServices.framework/Versions/A/CoreServices
0x00000000063a7000 	/System/Library/PrivateFrameworks/PerformanceAnalysis.framework/Versions/A/PerformanceAnalysis
0x00000000063a7000 	/System/Library/PrivateFrameworks/GenerationalStorage.framework/Versions/A/GenerationalStorage
0x00000000063a7000 	/System/Library/Frameworks/OpenGL.framework/Versions/A/OpenGL
0x00000000063a7000 	/System/Library/PrivateFrameworks/Sharing.framework/Versions/A/Sharing
0x00000000063a7000 	/System/Library/Frameworks/CoreGraphics.framework/Versions/A/CoreGraphics
0x00000000063a7000 	/System/Library/Frameworks/CoreText.framework/Versions/A/CoreText
0x00000000063a7000 	/System/Library/Frameworks/ImageIO.framework/Versions/A/ImageIO
0x00000000063a7000 	/usr/lib/libextension.dylib
0x00000000063a7000 	/System/Library/PrivateFrameworks/Backup.framework/Versions/A/Backup
0x00000000063a7000 	/usr/lib/libarchive.2.dylib
0x00000000063a7000 	/System/Library/Frameworks/CFNetwork.framework/Versions/A/CFNetwork
0x00000000063a7000 	/System/Library/Frameworks/SystemConfiguration.framework/Versions/A/SystemConfiguration
0x00000000063a7000 	/usr/lib/libCRFSuite.dylib
0x00000000063a7000 	/usr/lib/libc++.1.dylib
0x00000000063a7000 	/usr/lib/libc++abi.dylib
0x00000000063a7000 	/usr/lib/system/libcache.dylib
0x00000000063a7000 	/usr/lib/system/libcommonCrypto.dylib
0x00000000063a7000 	/usr/lib/system/libcompiler_rt.dylib
0x00000000063a7000 	/usr/lib/system/libcopyfile.dylib
0x00000000063a7000 	/usr/lib/system/libcorecrypto.dylib
0x00000000063a7000 	/usr/lib/system/libdispatch.dylib
0x00000000063a7000 	/usr/lib/system/libdyld.dylib
0x00000000063a7000 	/usr/lib/system/libkeymgr.dylib
0x00000000063a7000 	/usr/lib/system/liblaunch.dylib
0x00000000063a7000 	/usr/lib/system/libmacho.dylib
0x00000000063a7000 	/usr/lib/system/libquarantine.dylib
0x00000000063a7000 	/usr/lib/system/libremovefile.dylib
0x00000000063a7000 	/usr/lib/system/libsystem_asl.dylib
0x00000000063a7000 	/usr/lib/system/libsystem_blocks.dylib
0x00000000063a7000 	/usr/lib/system/libsystem_c.dylib
0x00000000063a7000 	/usr/lib/system/libsystem_configuration.dylib
0x00000000063a7000 	/usr/lib/system/libsystem_coreservices.dylib
0x00000000063a7000 	/usr/lib/system/libsystem_coretls.dylib
0x00000000063a7000 	/usr/lib/system/libsystem_dnssd.dylib
0x00000000063a7000 	/usr/lib/system/libsystem_info.dylib
0x00000000063a7000 	/usr/lib/system/libsystem_kernel.dylib
0x00000000063a7000 	/usr/lib/system/libsystem_m.dylib
0x00000000063a7000 	/usr/lib/system/libsystem_malloc.dylib
0x00000000063a7000 	/usr/lib/system/libsystem_network.dylib
0x00000000063a7000 	/usr/lib/system/libsystem_networkextension.dylib
0x00000000063a7000 	/usr/lib/system/libsystem_notify.dylib
0x00000000063a7000 	/usr/lib/system/libsystem_platform.dylib
0x00000000063a7000 	/usr/lib/system/libsystem_pthread.dylib
0x00000000063a7000 	/usr/lib/system/libsystem_sandbox.dylib
0x00000000063a7000 	/usr/lib/system/libsystem_secinit.dylib
0x00000000063a7000 	/usr/lib/system/libsystem_stats.dylib
0x00000000063a7000 	/usr/lib/system/libsystem_trace.dylib
0x00000000063a7000 	/usr/lib/system/libunc.dylib
0x00000000063a7000 	/usr/lib/system/libunwind.dylib
0x00000000063a7000 	/usr/lib/system/libxpc.dylib
0x00000000063a7000 	/usr/lib/libbz2.1.0.dylib
0x00000000063a7000 	/usr/lib/liblzma.5.dylib
0x00000000063a7000 	/usr/lib/libbsm.0.dylib
0x00000000063a7000 	/usr/lib/libsqlite3.dylib
0x00000000063a7000 	/usr/lib/system/libkxld.dylib
0x00000000063a7000 	/usr/lib/libxar.1.dylib
0x00000000063a7000 	/usr/lib/libpam.2.dylib
0x00000000063a7000 	/usr/lib/libOpenScriptingUtil.dylib
0x00000000063a7000 	/System/Library/Frameworks/CoreServices.framework/Versions/A/Frameworks/FSEvents.framework/Versions/A/FSEvents
0x00000000063a7000 	/System/Library/Frameworks/CoreServices.framework/Versions/A/Frameworks/CarbonCore.framework/Versions/A/CarbonCore
0x00000000063a7000 	/System/Library/Frameworks/CoreServices.framework/Versions/A/Frameworks/Metadata.framework/Versions/A/Metadata
0x00000000063a7000 	/System/Library/Frameworks/CoreServices.framework/Versions/A/Frameworks/OSServices.framework/Versions/A/OSServices
0x00000000063a7000 	/System/Library/Frameworks/CoreServices.framework/Versions/A/Frameworks/SearchKit.framework/Versions/A/SearchKit
0x00000000063a7000 	/System/Library/Frameworks/CoreServices.framework/Versions/A/Frameworks/AE.framework/Versions/A/AE
0x00000000063a7000 	/System/Library/Frameworks/CoreServices.framework/Versions/A/Frameworks/LaunchServices.framework/Versions/A/LaunchServices
0x00000000063a7000 	/System/Library/Frameworks/CoreServices.framework/Versions/A/Frameworks/DictionaryServices.framework/Versions/A/DictionaryServices
0x00000000063a7000 	/System/Library/Frameworks/NetFS.framework/Versions/A/NetFS
0x00000000063a7000 	/System/Library/PrivateFrameworks/NetAuth.framework/Versions/A/NetAuth
0x00000000063a7000 	/System/Library/PrivateFrameworks/login.framework/Versions/A/Frameworks/loginsupport.framework/Versions/A/loginsupport
0x00000000063a7000 	/System/Library/PrivateFrameworks/TCC.framework/Versions/A/TCC
0x00000000063a7000 	/usr/lib/libmecabra.dylib
0x00000000063a7000 	/System/Library/PrivateFrameworks/LanguageModeling.framework/Versions/A/LanguageModeling
0x00000000063a7000 	/usr/lib/libcmph.dylib
0x00000000063a7000 	/usr/lib/libiconv.2.dylib
0x00000000063a7000 	/System/Library/Frameworks/OpenDirectory.framework/Versions/A/Frameworks/CFOpenDirectory.framework/Versions/A/CFOpenDirectory
0x00000000063a7000 	/System/Library/Frameworks/ServiceManagement.framework/Versions/A/ServiceManagement
0x00000000063a7000 	/usr/lib/libxslt.1.dylib
0x00000000063a7000 	/System/Library/Frameworks/Carbon.framework/Versions/A/Frameworks/Ink.framework/Versions/A/Ink
0x00000000063a7000 	/System/Library/Frameworks/ApplicationServices.framework/Versions/A/Frameworks/ATS.framework/Versions/A/ATS
0x00000000063a7000 	/System/Library/Frameworks/ApplicationServices.framework/Versions/A/Frameworks/ColorSync.framework/Versions/A/ColorSync
0x00000000063a7000 	/System/Library/Frameworks/ApplicationServices.framework/Versions/A/Frameworks/HIServices.framework/Versions/A/HIServices
0x00000000063a7000 	/System/Library/Frameworks/ApplicationServices.framework/Versions/A/Frameworks/LangAnalysis.framework/Versions/A/LangAnalysis
0x00000000063a7000 	/System/Library/Frameworks/ApplicationServices.framework/Versions/A/Frameworks/PrintCore.framework/Versions/A/PrintCore
0x00000000063a7000 	/System/Library/Frameworks/ApplicationServices.framework/Versions/A/Frameworks/QD.framework/Versions/A/QD
0x00000000063a7000 	/System/Library/Frameworks/ApplicationServices.framework/Versions/A/Frameworks/SpeechSynthesis.framework/Versions/A/SpeechSynthesis
0x00000000063a7000 	/System/Library/Frameworks/Accelerate.framework/Versions/A/Accelerate
0x00000000063a7000 	/System/Library/Frameworks/Accelerate.framework/Versions/A/Frameworks/vImage.framework/Versions/A/vImage
0x00000000063a7000 	/System/Library/Frameworks/Accelerate.framework/Versions/A/Frameworks/vecLib.framework/Versions/A/vecLib
0x00000000063a7000 	/System/Library/Frameworks/Accelerate.framework/Versions/A/Frameworks/vecLib.framework/Versions/A/libvDSP.dylib
0x00000000063a7000 	/System/Library/Frameworks/Accelerate.framework/Versions/A/Frameworks/vecLib.framework/Versions/A/libvMisc.dylib
0x00000000063a7000 	/System/Library/Frameworks/Accelerate.framework/Versions/A/Frameworks/vecLib.framework/Versions/A/libLAPACK.dylib
0x00000000063a7000 	/System/Library/Frameworks/Accelerate.framework/Versions/A/Frameworks/vecLib.framework/Versions/A/libBLAS.dylib
0x00000000063a7000 	/System/Library/Frameworks/Accelerate.framework/Versions/A/Frameworks/vecLib.framework/Versions/A/libLinearAlgebra.dylib
0x00000000063a7000 	/System/Library/Frameworks/ApplicationServices.framework/Versions/A/Frameworks/ATS.framework/Versions/A/Resources/libFontParser.dylib
0x00000000063a7000 	/System/Library/Frameworks/ApplicationServices.framework/Versions/A/Frameworks/ATS.framework/Versions/A/Resources/libFontRegistry.dylib
0x00000000063a7000 	/System/Library/PrivateFrameworks/AppleVPA.framework/Versions/A/AppleVPA
0x00000000063a7000 	/System/Library/PrivateFrameworks/AppleJPEG.framework/Versions/A/AppleJPEG
0x00000000063a7000 	/System/Library/Frameworks/ImageIO.framework/Versions/A/Resources/libJPEG.dylib
0x00000000063a7000 	/System/Library/Frameworks/ImageIO.framework/Versions/A/Resources/libTIFF.dylib
0x00000000063a7000 	/System/Library/Frameworks/ImageIO.framework/Versions/A/Resources/libPng.dylib
0x00000000063a7000 	/System/Library/Frameworks/ImageIO.framework/Versions/A/Resources/libGIF.dylib
0x00000000063a7000 	/System/Library/Frameworks/ImageIO.framework/Versions/A/Resources/libJP2.dylib
0x00000000063a7000 	/System/Library/Frameworks/ImageIO.framework/Versions/A/Resources/libRadiance.dylib
0x00000000063a7000 	/System/Library/Frameworks/CoreVideo.framework/Versions/A/CoreVideo
0x00000000063a7000 	/System/Library/Frameworks/OpenGL.framework/Versions/A/Libraries/libGLU.dylib
0x00000000063a7000 	/System/Library/Frameworks/OpenGL.framework/Versions/A/Libraries/libGFXShared.dylib
0x00000000063a7000 	/System/Library/Frameworks/OpenGL.framework/Versions/A/Libraries/libGL.dylib
0x00000000063a7000 	/System/Library/Frameworks/OpenGL.framework/Versions/A/Libraries/libGLImage.dylib
0x00000000063a7000 	/System/Library/Frameworks/OpenGL.framework/Versions/A/Libraries/libCVMSPluginSupport.dylib
0x00000000063a7000 	/System/Library/Frameworks/OpenGL.framework/Versions/A/Libraries/libCoreVMClient.dylib
0x00000000063a7000 	/usr/lib/libcups.2.dylib
0x00000000063a7000 	/System/Library/Frameworks/Kerberos.framework/Versions/A/Kerberos
0x00000000063a7000 	/System/Library/Frameworks/GSS.framework/Versions/A/GSS
0x00000000063a7000 	/usr/lib/libresolv.9.dylib
0x00000000063a7000 	/System/Library/PrivateFrameworks/Heimdal.framework/Versions/A/Heimdal
0x00000000063a7000 	/usr/lib/libheimdal-asn1.dylib
0x00000000063a7000 	/System/Library/Frameworks/OpenDirectory.framework/Versions/A/OpenDirectory
0x00000000063a7000 	/System/Library/PrivateFrameworks/CommonAuth.framework/Versions/A/CommonAuth
0x00000000063a7000 	/System/Library/Frameworks/SecurityFoundation.framework/Versions/A/SecurityFoundation
0x00000000063a7000 	/System/Library/Frameworks/QuartzCore.framework/Versions/A/Frameworks/CoreImage.framework/Versions/A/CoreImage
0x00000000063a7000 	/System/Library/PrivateFrameworks/CrashReporterSupport.framework/Versions/A/CrashReporterSupport
0x00000000063a7000 	/System/Library/Frameworks/OpenCL.framework/Versions/A/OpenCL
0x00000000063a7000 	/System/Library/PrivateFrameworks/FaceCore.framework/Versions/A/FaceCore
0x00000000063a7000 	/System/Library/PrivateFrameworks/Ubiquity.framework/Versions/A/Ubiquity
0x00000000063a7000 	/System/Library/PrivateFrameworks/IconServices.framework/Versions/A/IconServices
0x00000000063a7000 	/System/Library/PrivateFrameworks/ChunkingLibrary.framework/Versions/A/ChunkingLibrary
0x00000000063a7000 	/System/Library/PrivateFrameworks/Apple80211.framework/Versions/A/Apple80211
0x00000000063a7000 	/System/Library/Frameworks/CoreWLAN.framework/Versions/A/CoreWLAN
0x00000000063a7000 	/System/Library/Frameworks/IOBluetooth.framework/Versions/A/IOBluetooth
0x00000000063a7000 	/System/Library/PrivateFrameworks/CoreWiFi.framework/Versions/A/CoreWiFi
0x00000000063a7000 	/System/Library/Frameworks/CoreBluetooth.framework/Versions/A/CoreBluetooth
0x00000000063a7000 	/System/Library/PrivateFrameworks/DebugSymbols.framework/Versions/A/DebugSymbols
0x00000000063a7000 	/System/Library/PrivateFrameworks/CoreSymbolication.framework/Versions/A/CoreSymbolication
0x00000000063a7000 	/System/Library/PrivateFrameworks/Symbolication.framework/Versions/A/Symbolication
0x00000000063a7000 	/System/Library/PrivateFrameworks/SpeechRecognitionCore.framework/Versions/A/SpeechRecognitionCore
0x0000000103600000 	/Library/Java/JavaVirtualMachines/jdk1.7.0_45.jdk/Contents/Home/jre/lib/server/libjvm.dylib
0x00000000063a7000 	/usr/lib/libstdc++.6.dylib
0x000000010313d000 	/Library/Java/JavaVirtualMachines/jdk1.7.0_45.jdk/Contents/Home/jre/lib/libverify.dylib
0x000000010314a000 	/Library/Java/JavaVirtualMachines/jdk1.7.0_45.jdk/Contents/Home/jre/lib/libjava.dylib
0x000000010317b000 	/Library/Java/JavaVirtualMachines/jdk1.7.0_45.jdk/Contents/Home/jre/lib/libjdwp.dylib
0x00000001031b8000 	/Library/Java/JavaVirtualMachines/jdk1.7.0_45.jdk/Contents/Home/jre/lib/libnpt.dylib
0x00000001031c5000 	/Library/Java/JavaVirtualMachines/jdk1.7.0_45.jdk/Contents/Home/jre/lib/libzip.dylib
0x000000010aae6000 	/System/Library/Frameworks/JavaVM.framework/Frameworks/JavaRuntimeSupport.framework/JavaRuntimeSupport
0x000000010aafe000 	/System/Library/Frameworks/JavaVM.framework/Versions/A/Frameworks/JavaNativeFoundation.framework/Versions/A/JavaNativeFoundation
0x000000010ab13000 	/System/Library/Frameworks/JavaVM.framework/Versions/A/JavaVM
0x00000000063a7000 	/System/Library/Frameworks/Carbon.framework/Versions/A/Carbon
0x000000010ab20000 	/System/Library/PrivateFrameworks/JavaLaunching.framework/Versions/A/JavaLaunching
0x00000000063a7000 	/System/Library/Frameworks/Carbon.framework/Versions/A/Frameworks/CommonPanels.framework/Versions/A/CommonPanels
0x00000000063a7000 	/System/Library/Frameworks/Carbon.framework/Versions/A/Frameworks/Help.framework/Versions/A/Help
0x00000000063a7000 	/System/Library/Frameworks/Carbon.framework/Versions/A/Frameworks/ImageCapture.framework/Versions/A/ImageCapture
0x00000000063a7000 	/System/Library/Frameworks/Carbon.framework/Versions/A/Frameworks/OpenScripting.framework/Versions/A/OpenScripting
0x00000000063a7000 	/System/Library/Frameworks/Carbon.framework/Versions/A/Frameworks/Print.framework/Versions/A/Print
0x00000000063a7000 	/System/Library/Frameworks/Carbon.framework/Versions/A/Frameworks/SecurityHI.framework/Versions/A/SecurityHI
0x00000001031f8000 	/Library/Java/JavaVirtualMachines/jdk1.7.0_45.jdk/Contents/Home/jre/lib/libdt_socket.dylib

VM Arguments:
jvm_args: -agentlib:jdwp=transport=dt_socket,suspend=y,address=localhost:52401 -Dfile.encoding=US-ASCII 
java_command: p52.P52
Launcher Type: SUN_STANDARD

Environment Variables:
PATH=/usr/bin:/bin:/usr/sbin:/sbin
SHELL=/bin/bash
DISPLAY=/private/tmp/com.apple.launchd.j3ZnfxA7OD/org.macosforge.xquartz:0

Signal Handlers:
SIGSEGV: [libjvm.dylib+0x525415], sa_mask[0]=0xfffefeff, sa_flags=0x00000043
SIGBUS: [libjvm.dylib+0x525415], sa_mask[0]=0xfffefeff, sa_flags=0x00000042
SIGFPE: [libjvm.dylib+0x41891a], sa_mask[0]=0xfffefeff, sa_flags=0x00000042
SIGPIPE: [libjvm.dylib+0x41891a], sa_mask[0]=0xfffefeff, sa_flags=0x00000042
SIGXFSZ: [libjvm.dylib+0x41891a], sa_mask[0]=0xfffefeff, sa_flags=0x00000042
SIGILL: [libjvm.dylib+0x41891a], sa_mask[0]=0xfffefeff, sa_flags=0x00000042
SIGUSR1: SIG_DFL, sa_mask[0]=0x00000000, sa_flags=0x00000000
SIGUSR2: [libjvm.dylib+0x41840c], sa_mask[0]=0x00000004, sa_flags=0x00000042
SIGHUP: [libjvm.dylib+0x41669b], sa_mask[0]=0xfffefeff, sa_flags=0x00000042
SIGINT: [libjvm.dylib+0x41669b], sa_mask[0]=0xfffefeff, sa_flags=0x00000042
SIGTERM: [libjvm.dylib+0x41669b], sa_mask[0]=0xfffefeff, sa_flags=0x00000042
SIGQUIT: [libjvm.dylib+0x41669b], sa_mask[0]=0xfffefeff, sa_flags=0x00000042


---------------  S Y S T E M  ---------------

OS:Bsduname:Darwin 14.0.0 Darwin Kernel Version 14.0.0: Fri Sep 19 00:26:44 PDT 2014; root:xnu-2782.1.97~2/RELEASE_X86_64 x86_64
rlimit: STACK 8192k, CORE 0k, NPROC 709, NOFILE 10240, AS infinity
load average:3.26 2.90 2.74

CPU:total 2 (2 cores per cpu, 1 threads per core) family 6 model 23 stepping 6, cmov, cx8, fxsr, mmx, sse, sse2, sse3, ssse3, sse4.1, tsc

Memory: 4k page, physical 4194304k(1048576k free)

/proc/meminfo:


vm_info: Java HotSpot(TM) 64-Bit Server VM (24.45-b08) for bsd-amd64 JRE (1.7.0_45-b18), built on Oct  8 2013 05:54:16 by "java_re" with gcc 4.2.1 (Based on Apple Inc. build 5658) (LLVM build 2336.11.00)

time: Wed Jan 14 19:23:06 2015
elapsed time: 91 seconds

